<?xml version="1.0" encoding="UTF-8"?>
<!-- Generated by org.testng.reporters.JUnitXMLReporter -->
<testsuite ignored="0" hostname="Rabbit" failures="1" tests="3" name="Test" time="13.593" errors="0" timestamp="2024-10-09T15:04:56 IST">
  <testcase classname="extentReportsProjects.ExtentReportExample" name="testAppUrl" time="0.031"/>
  <testcase classname="extentReportsProjects.ExtentReportExample" name="getPageTitle" time="0.033">
    <failure type="java.lang.AssertionError" message="expected [Your Store] but found [Your Stor]">
      <![CDATA[java.lang.AssertionError: expected [Your Store] but found [Your Stor]
at extentReportsProjects.ExtentReportExample.getPageTitle(ExtentReportExample.java:42)
at java.base/java.util.ArrayList.forEach(ArrayList.java:1597)
... Removed 31 stack frames]]>
    </failure>
  </testcase> <!-- getPageTitle -->
  <testcase classname="extentReportsProjects.ExtentReportExample" name="testLogo" time="0.094"/>
</testsuite> <!-- Test -->
